[wptimecapsule.com/index.html]
[backblue.gif]
[fade.gif]
[index.html]
[wptimecapsule.com/css/bootstrap.css]
[wptimecapsule.com/style.css]
[wptimecapsule.com/css/lity.min.css]
[wptimecapsule.com/css/responsive.css]
[wptimecapsule.com/images/fbog_new.png]
[wptimecapsule.com/images/twitterog.jpg]
[wptimecapsule.com/img/favicon/favicon5e1f.png]
[wptimecapsule.com/index-2.html]
[wptimecapsule.com/img/logo.png]
[wptimecapsule.com/features.html]
[wptimecapsule.com/agency/index.html]
[wptimecapsule.com/team.html]
[wptimecapsule.com/img/thumbnails/user-2.png]
[wptimecapsule.com/img/thumbnails/logo-5.png]
[wptimecapsule.com/img/thumbnails/thumbnail-1.png]
[wptimecapsule.com/img/thumbnails/thumbnail-3.png]
[wptimecapsule.com/img/thumbnails/div-1.png]
[wptimecapsule.com/img/thumbnails/div-2.png]
[wptimecapsule.com/img/thumbnails/thumbnail-2.png]
[wptimecapsule.com/img/thumbnails/thumbnail-4.png]
[wptimecapsule.com/img/thumbnails/div-3.png]
[wptimecapsule.com/img/thumbnails/thumbnail-5.png]
[wptimecapsule.com/img/thumbnails/thumbnail-6.png]
[wptimecapsule.com/img/thumbnails/thumbnail-5-mobile.png]
[wptimecapsule.com/img/thumbnails/thumbnail-6-mobile.png]
[wptimecapsule.com/img/thumbnails/dummy-video.png]
[wptimecapsule.com/img/thumbnails/logo-4.png]
[wptimecapsule.com/img/thumbnails/logo-3.png]
[wptimecapsule.com/img/thumbnails/logo-2.png]
[wptimecapsule.com/img/thumbnails/logo-1.png]
[wptimecapsule.com/img/others/icon-1.png]
[wptimecapsule.com/img/others/icon-2.png]
[wptimecapsule.com/img/others/icon-3.png]
[wptimecapsule.com/img/others/icon-4.png]
[wptimecapsule.com/img/thumbnails/user-8.png]
[wptimecapsule.com/img/thumbnails/user-1.png]
[wptimecapsule.com/img/thumbnails/user-6.png]
[wptimecapsule.com/img/thumbnails/user-3.png]
[wptimecapsule.com/img/thumbnails/user-4.png]
[wptimecapsule.com/img/thumbnails/user-5.png]
[wptimecapsule.com/terms.html]
[wptimecapsule.com/js/modernizr.custom.js]
[wptimecapsule.com/js/jquery-1.11.0.min.js]
[wptimecapsule.com/js/bootstrap.js]
[wptimecapsule.com/index.html]
[wptimecapsule.com/js/lity.js]
[wptimecapsule.com/fonts/glyphicons-halflings-regular.eot]
[wptimecapsule.com/fonts/glyphicons-halflings-regulard41d.eot]
[wptimecapsule.com/fonts/glyphicons-halflings-regular.woff2]
[wptimecapsule.com/fonts/glyphicons-halflings-regular.woff]
[wptimecapsule.com/fonts/glyphicons-halflings-regular.ttf]
[wptimecapsule.com/css/bootstrap.css]
[wptimecapsule.com/fonts/glyphicons-halflings-regular.svg]
[wptimecapsule.com/fonts/AllerBD.woff2]
[wptimecapsule.com/fonts/AllerBD.woff]
[wptimecapsule.com/fonts/AllerRG.woff2]
[wptimecapsule.com/css/fonts.css]
[wptimecapsule.com/fonts/AllerRG.woff]
[wptimecapsule.com/img/banner/banner.jpg]
[wptimecapsule.com/img/others/quote.png]
[wptimecapsule.com/img/banner/footer-testimonial.jpg]
[wptimecapsule.com/img/thumbnails/icon-1.png]
[wptimecapsule.com/img/thumbnails/icon-2.png]
[wptimecapsule.com/img/thumbnails/icon-3.png]
[wptimecapsule.com/img/thumbnails/left-pin.png]
[wptimecapsule.com/img/thumbnails/right-pin.png]
[wptimecapsule.com/img/thumbnails/tick-yes.png]
[wptimecapsule.com/img/thumbnails/tick-no.png]
[wptimecapsule.com/img/banner/banner-price.jpg]
[wptimecapsule.com/img/icons/plus.png]
[wptimecapsule.com/img/icons/gar.png]
[wptimecapsule.com/style.css]
[wptimecapsule.com/css/lity.min.css]
[wptimecapsule.com/img/others/quote-1.png]
[wptimecapsule.com/img/desktop-shadow.svg]
[wptimecapsule.com/img/tab-shadow.svg]
[wptimecapsule.com/img/others/right.png]
[wptimecapsule.com/css/responsive.css]
[wptimecapsule.com/img/others/down.png]
[wptimecapsule.com/pricing/index.html]
[wptimecapsule.com/index-2.html]
[wptimecapsule.com/css/normalize.css]
[wptimecapsule.com/css/webflow.css]
[wptimecapsule.com/css/wptimecapsule-com-0d70d1743e8ae3d3f827b.webflow.css]
[wptimecapsule.com/js/modernizr.js]
[wptimecapsule.com/images/Set--Forget.svg]
[wptimecapsule.com/images/Set--Forget.png]
[wptimecapsule.com/images/Scott-Wyden-Kivowitz2x.png]
[wptimecapsule.com/images/Off-site-Backups.svg]
[wptimecapsule.com/images/dropbox-google-amo-logos2x.png]
[wptimecapsule.com/images/Off-site-Backups.png]
[wptimecapsule.com/images/One-Click-Restore.svg]
[wptimecapsule.com/images/One-Click-Restore.png]
[wptimecapsule.com/images/Eduard-Bosch-Bertran.png]
[wptimecapsule.com/images/Staging-An-Update.svg]
[wptimecapsule.com/images/Staging-An-Update.png]
[wptimecapsule.com/images/Sujay-Pawar.png]
[wptimecapsule.com/images/Auto-Backup-Before-Manual--Auto-Updates.svg]
[wptimecapsule.com/images/Auto-Backup-Before-Manual--Auto-Updates-1.png]
[wptimecapsule.com/images/Auto-Backup-Before-Manual--Auto-Updates-2.png]
[wptimecapsule.com/images/John-Labella.png]
[wptimecapsule.com/features.html]
[wptimecapsule.com/js/webflow.js]
[wptimecapsule.com/agency/css/normalize.css]
[wptimecapsule.com/agency/css/webflow.css]
[wptimecapsule.com/agency/css/wptc-agency.webflow.css]
[wptimecapsule.com/agency/js/modernizr.js]
[wptimecapsule.com/agency/images/wptc-favicon.png]
[wptimecapsule.com/agency/images/save-cost.svg]
[wptimecapsule.com/agency/images/white-label.svg]
[wptimecapsule.com/agency/images/White-label-on-innovation2x.png]
[wptimecapsule.com/agency/images/Eagle-View.svg]
[wptimecapsule.com/agency/images/wptc-dashboard.png]
[wptimecapsule.com/agency/images/Auto-Backup-Before-Manual--Auto-Updates.svg]
[wptimecapsule.com/agency/images/Auto-Backup-Before-Manual--Auto-Updates-2.png]
[wptimecapsule.com/agency/images/large-restore.svg]
[wptimecapsule.com/agency/images/Staging-An-Update.svg]
[wptimecapsule.com/agency/images/Staging-An-Update.png]
[wptimecapsule.com/agency/index.html]
[wptimecapsule.com/agency/js/webflow.js]
[wptimecapsule.com/images/Team-graphic.png]
[wptimecapsule.com/images/WpTimeCapsule-Logo.svg]
[wptimecapsule.com/images/InfiniteWP-logo.svg]
[wptimecapsule.com/images/David.png]
[wptimecapsule.com/images/Mohamed.png]
[wptimecapsule.com/images/Thamaraiselvam.png]
[wptimecapsule.com/images/Aghilesh.png]
[wptimecapsule.com/images/Tauseef.png]
[wptimecapsule.com/images/Eshwarallaha.png]
[wptimecapsule.com/team.html]
[wptimecapsule.com/terms.html]
[wptimecapsule.com/js/modernizr.custom.js]
[wptimecapsule.com/js/jquery-1.11.0.min.js]
[wptimecapsule.com/images/WPTC-logo-color-version.svg]
[wptimecapsule.com/js/bootstrap.js]
[wptimecapsule.com/js/custom.js]
[wptimecapsule.com/js/lity.js]
[wptimecapsule.com/fonts/glyphicons-halflings-regular.svg]
[wptimecapsule.com/img/desktop-shadow.svg]
[wptimecapsule.com/img/tab-shadow.svg]
[wptimecapsule.com/css/normalize.css]
[wptimecapsule.com/css/webflow.css]
[wptimecapsule.com/images/wp-time-capsule-logo.svg]
[wptimecapsule.com/images/hero-text-cast.svg]
[wptimecapsule.com/images/hero-text-cast_1.svg]
[wptimecapsule.com/images/Andy-Thumbsup.png]
[wptimecapsule.com/images/f-icon.svg]
[wptimecapsule.com/css/wptimecapsule-com-0d70d1743e8ae3d3f827b.webflow.css]
[wptimecapsule.com/js/modernizr.js]
[wptimecapsule.com/images/Set--Forget.svg]
[wptimecapsule.com/images/Off-site-Backups.svg]
[wptimecapsule.com/images/Nicolai-Lønne-.html]
[wptimecapsule.com/images/One-Click-Restore.svg]
[wptimecapsule.com/images/Staging-An-Update.svg]
[wptimecapsule.com/images/Auto-Backup-Before-Manual--Auto-Updates.svg]
[wptimecapsule.com/js/webflow.js]
[wptimecapsule.com/agency/css/normalize.css]
[wptimecapsule.com/agency/css/webflow.css]
[wptimecapsule.com/images/twitter-bird-icon.svg]
[wptimecapsule.com/agency/images/wp-time-capsule-logo.svg]
[wptimecapsule.com/agency/images/hero-text-cast.svg]
[wptimecapsule.com/agency/images/hero-text-cast_1.svg]
[wptimecapsule.com/agency/images/Andy-Thumbsup.png]
[wptimecapsule.com/agency/images/f-icon.svg]
[wptimecapsule.com/agency/css/wptc-agency.webflow.css]
[wptimecapsule.com/agency/js/modernizr.js]
[wptimecapsule.com/agency/images/save-cost.svg]
[wptimecapsule.com/agency/images/white-label.svg]
[wptimecapsule.com/agency/images/Eagle-View.svg]
[wptimecapsule.com/agency/images/Auto-Backup-Before-Manual--Auto-Updates.svg]
[wptimecapsule.com/agency/images/large-restore.svg]
[wptimecapsule.com/agency/images/images/120-days-restore-point-img.html]
[wptimecapsule.com/agency/images/Staging-An-Update.svg]
[wptimecapsule.com/agency/js/webflow.js]
[wptimecapsule.com/images/WpTimeCapsule-Logo.svg]
[wptimecapsule.com/images/InfiniteWP-logo.svg]
[wptimecapsule.com/images/WPTC-logo-color-version.svg]
[wptimecapsule.com/Popover requires tooltip.html]
[wptimecapsule.com/images/wp-time-capsule-logo.svg]
[wptimecapsule.com/images/hero-text-cast.svg]
[wptimecapsule.com/images/hero-text-cast_1.svg]
[wptimecapsule.com/images/Heart.svg]
[wptimecapsule.com/images/f-icon.svg]
[wptimecapsule.com/images/twitter-bird-icon.svg]
[wptimecapsule.com/$1/index.html]
[wptimecapsule.com/agency/images/wp-time-capsule-logo.svg]
[wptimecapsule.com/agency/images/hero-text-cast.svg]
[wptimecapsule.com/agency/images/hero-text-cast_1.svg]
[wptimecapsule.com/agency/images/Heart.svg]
[wptimecapsule.com/agency/images/f-icon.svg]
[wptimecapsule.com/agency/images/twitter-bird-icon.svg]
[wptimecapsule.com/agency/images/twitter-bird-icon.svg]
[wptimecapsule.com/agency/$1/index.html]
